<?xml version="1.0" encoding="UTF-8" ?>
<testsuite tests="6" failures="0" name="testRunner.TestRun" time="258.604" errors="0" skipped="0">
  <properties>
[...]
</properties>
  <testcase classname="Customers" name="Add a new Customer" time="107.8"/>
  <testcase classname="Customers" name="Search Customer by EMailID" time="42.127"/>
  <testcase classname="Customers" name="Search Customer by Name" time="43.353"/>
  <testcase classname="Login" name="Successful Login with Valid Credentials" time="21.591"/>
  <testcase classname="Login" name="Login Data Driven" time="21.893"/>
  <testcase classname="Login" name="Login Data Driven" time="21.84"/>
</testsuite>